2024-03-25 21:50:07,596 [Worker-6: Loading available Gradle versions] INFO  o.e.b.c.i.u.g.PublishedGradleVersions - Gradle version information cache is up-to-date. Trying to read.
2024-03-25 21:50:22,233 [Worker-17: Update Maven projects configuration] INFO  o.e.m.c.i.p.ProjectConfigurationManager - Update started
2024-03-25 21:50:30,582 [Worker-17: Update Maven projects configuration] INFO  o.e.m.c.i.l.LifecycleMappingFactory - Using org.eclipse.m2e.jdt.JarLifecycleMapping lifecycle mapping for MavenProject: co.edu.icesi.viajes:co.edu.icesi.viajes:0.0.1-SNAPSHOT @ C:\Users\USUARIO\Documents\GitHub\ProyectoCompuNet\Icesi-viajes\pom.xml.
2024-03-25 21:50:35,024 [Worker-10: Building] INFO  o.a.m.s.f.DefaultMavenResourcesFiltering - Copying 1 resource from src\main\resources to target\classes
2024-03-25 21:50:35,097 [Worker-10: Building] INFO  o.a.m.s.f.DefaultMavenResourcesFiltering - Copying 2 resources from src\main\resources to target\classes
2024-03-25 21:50:35,116 [Worker-10: Building] INFO  o.a.m.s.f.DefaultMavenResourcesFiltering - skip non existing resourceDirectory C:\Users\USUARIO\Documents\GitHub\ProyectoCompuNet\Icesi-viajes\src\test\resources
2024-03-25 21:50:36,669 [Worker-17: Update Maven projects configuration] INFO  o.e.m.j.i.AbstractJavaProjectConfigurator - Adding source folder /Icesi-viajes/src/main/java
2024-03-25 21:50:36,670 [Worker-17: Update Maven projects configuration] INFO  o.e.m.j.i.AbstractJavaProjectConfigurator - Adding resource folder /Icesi-viajes/src/main/resources
2024-03-25 21:50:36,700 [Worker-17: Update Maven projects configuration] INFO  o.e.m.j.i.AbstractJavaProjectConfigurator - Adding resource folder /Icesi-viajes/src/main/resources
2024-03-25 21:50:36,726 [Worker-17: Update Maven projects configuration] INFO  o.e.m.j.i.AbstractJavaProjectConfigurator - Adding source folder /Icesi-viajes/src/test/java
2024-03-25 21:50:36,727 [Worker-17: Update Maven projects configuration] INFO  o.e.m.j.i.AbstractJavaProjectConfigurator - Adding resource folder /Icesi-viajes/src/test/resources
2024-03-25 21:50:43,534 [Worker-17: Update Maven projects configuration] INFO  o.e.m.c.i.p.ProjectConfigurationManager - Update completed for 1 poms: local refresh takes 0,00 sec, refresh facades takes 12,00 sec, update config takes 9,00 sec 
2024-03-25 21:50:46,684 [Worker-2: Building] INFO  o.a.m.s.f.DefaultMavenResourcesFiltering - Copying 1 resource from src\main\resources to target\classes
2024-03-25 21:50:46,691 [Worker-2: Building] INFO  o.a.m.s.f.DefaultMavenResourcesFiltering - Copying 2 resources from src\main\resources to target\classes
2024-03-25 21:50:46,704 [Worker-2: Building] INFO  o.a.m.s.f.DefaultMavenResourcesFiltering - skip non existing resourceDirectory C:\Users\USUARIO\Documents\GitHub\ProyectoCompuNet\Icesi-viajes\src\test\resources
2024-03-25 21:52:08,254 [Start Help Server] INFO  org.eclipse.jetty.server.Server - jetty-12.0.3; built: 2023-10-27T03:25:22.284Z; git: a873259fd5af141dedaa6c7fa8fe8fbdedce0d61; jvm 17.0.10+7
2024-03-25 21:52:08,515 [Start Help Server] INFO  o.e.j.server.handler.ContextHandler - Started oeje8n.ContextHandler$CoreContextHandler@17a76980{/help,/help,b=null,a=AVAILABLE,h=oeje8n.ContextHandler$CoreContextHandler$CoreToNestedHandler@7529fb7e{STARTED}}
2024-03-25 21:52:08,516 [Start Help Server] INFO  o.e.j.s.DefaultSessionIdManager - Session workerName=node0
2024-03-25 21:52:08,616 [Start Help Server] INFO  o.e.jetty.server.AbstractConnector - Started ServerConnector@5a05f086{HTTP/1.1, (http/1.1)}{127.0.0.1:44295}
2024-03-25 21:52:08,638 [Start Help Server] INFO  org.eclipse.jetty.server.Server - Started oejs.Server@6306a7dd{STARTING}[12.0.3,sto=0] @160505ms
